<?xml version="1.0" encoding="UTF-8"?>
<!-- Generated by org.testng.reporters.JUnitReportReporter -->
<testsuite hostname="DESKTOP-S5MMF0I" failures="0" tests="1" name="ReusableForPowerBI.TestData" time="2.056" errors="0" timestamp="2023-05-23T17:11:11 IST" skipped="0">
  <testcase classname="ReusableForPowerBI.TestData" name="TestData" time="2.056"/>
  <system-out/>
</testsuite> <!-- ReusableForPowerBI.TestData -->
